<?xml version="1.0" encoding="UTF-8"?>
<!-- Generated by org.testng.reporters.JUnitReportReporter -->
<testsuite skipped="0" hostname="Anshuls-MacBook-Air.local" name="basic.rest.postcall.createrepository" tests="1" failures="0" timestamp="2021-04-14T21:55:52 IST" time="4.193" errors="0">
  <testcase name="createBroad" time="4.193" classname="basic.rest.postcall.createrepository"/>
  <system-out/>
</testsuite> <!-- basic.rest.postcall.createrepository -->
