<?xml version="1.0" encoding="UTF-8"?>
<!-- Generated by org.testng.reporters.JUnitReportReporter -->
<testsuite skipped="0" hostname="Anshuls-MacBook-Air.local" name="JSONResponseValidation.handleJSONArray" tests="1" failures="0" timestamp="2021-04-25T16:01:32 IST" time="8.033" errors="0">
  <testcase name="verifyResponseBody" time="8.033" classname="JSONResponseValidation.handleJSONArray"/>
  <system-out/>
</testsuite> <!-- JSONResponseValidation.handleJSONArray -->
