<?xml version="1.0" encoding="UTF-8"?>
<!-- Generated by org.testng.reporters.JUnitReportReporter -->
<testsuite skipped="0" hostname="Anshuls-MacBook-Air.local" name="JSONResponseValidation.extractRequestResponse" tests="1" failures="0" timestamp="2021-04-25T12:27:15 IST" time="5.657" errors="0">
  <testcase name="extractResponse" time="5.657" classname="JSONResponseValidation.extractRequestResponse"/>
  <system-out/>
</testsuite> <!-- JSONResponseValidation.extractRequestResponse -->
