<?xml version="1.0" encoding="UTF-8"?>
<!-- Generated by org.testng.reporters.JUnitReportReporter -->
<testsuite skipped="0" hostname="Anshuls-MacBook-Air.local" name="POJO.CreateNestedJSONFromPOJO" tests="1" failures="0" timestamp="2021-05-08T16:37:23 IST" time="0.683" errors="0">
  <testcase name="generatePOJOData" time="0.683" classname="POJO.CreateNestedJSONFromPOJO"/>
  <system-out/>
</testsuite> <!-- POJO.CreateNestedJSONFromPOJO -->
