<?xml version="1.0" encoding="UTF-8"?>
<!-- Generated by org.testng.reporters.JUnitReportReporter -->
<testsuite skipped="0" hostname="Anshuls-MacBook-Air.local" name="basic.rest.getcall.verifyresponsetest" tests="2" failures="0" timestamp="2021-04-24T22:39:26 IST" time="8.654" errors="0">
  <testcase name="verifyResponseBody" time="7.864" classname="basic.rest.getcall.verifyresponsetest"/>
  <system-out/>
  <testcase name="verifyResponseHeader" time="0.790" classname="basic.rest.getcall.verifyresponsetest"/>
  <system-out/>
</testsuite> <!-- basic.rest.getcall.verifyresponsetest -->
