<?xml version="1.0" encoding="UTF-8"?>
<!-- Generated by org.testng.reporters.JUnitReportReporter -->
<testsuite skipped="0" hostname="Anshuls-MacBook-Air.local" name="POJO.DataSerializeAndDeserialize" tests="2" failures="0" timestamp="2021-05-06T22:08:21 IST" time="0.397" errors="0">
  <testcase name="getPojoFromObject" time="0.089" classname="POJO.DataSerializeAndDeserialize"/>
  <system-out/>
  <testcase name="createDatafromPOJO" time="0.308" classname="POJO.DataSerializeAndDeserialize"/>
  <system-out/>
</testsuite> <!-- POJO.DataSerializeAndDeserialize -->
