<?xml version="1.0" encoding="UTF-8"?>
<!-- Generated by org.testng.reporters.JUnitReportReporter -->
<testsuite skipped="0" hostname="Anshuls-MacBook-Air.local" name="basic.rest.postcall.postcallautomation" tests="1" failures="0" timestamp="2021-04-14T20:30:56 IST" time="4.560" errors="0">
  <testcase name="createBroad" time="4.560" classname="basic.rest.postcall.postcallautomation"/>
  <system-out/>
</testsuite> <!-- basic.rest.postcall.postcallautomation -->
