<?xml version="1.0" encoding="UTF-8"?>
<!-- Generated by org.testng.reporters.JUnitReportReporter -->
<testsuite skipped="0" hostname="Anshuls-MacBook-Air.local" name="POJO.JSONArraySerialization" tests="2" failures="0" timestamp="2021-05-08T10:40:41 IST" time="0.790" errors="0">
  <testcase name="createJSONArrayFromPOJO" time="0.682" classname="POJO.JSONArraySerialization"/>
  <system-out/>
  <testcase name="getPOJOfromOject" time="0.108" classname="POJO.JSONArraySerialization"/>
  <system-out/>
</testsuite> <!-- POJO.JSONArraySerialization -->
