<?xml version="1.0" encoding="UTF-8"?>
<!-- Generated by org.testng.reporters.JUnitReportReporter -->
<testsuite skipped="0" hostname="Anshuls-MacBook-Air.local" name="basic.rest.postcall.DeepDiveInJSON" tests="1" failures="0" timestamp="2021-04-24T23:07:18 IST" time="7.140" errors="0">
  <testcase name="getRepos" time="7.140" classname="basic.rest.postcall.DeepDiveInJSON"/>
  <system-out/>
</testsuite> <!-- basic.rest.postcall.DeepDiveInJSON -->
